  [1m[36m (190.7ms)[0m  [1mCREATE TABLE `schema_migrations` (`version` varchar(255) NOT NULL) ENGINE=InnoDB[0m
  [1m[35m (218.7ms)[0m  CREATE UNIQUE INDEX `unique_schema_migrations`  ON `schema_migrations` (`version`) 
  [1m[36mActiveRecord::SchemaMigration Load (18.1ms)[0m  [1mSELECT `schema_migrations`.* FROM `schema_migrations`[0m
Migrating to DeviseCreateUsers (20151021074811)
  [1m[35m (1132.7ms)[0m  CREATE TABLE `users` (`id` int(11) auto_increment PRIMARY KEY, `email` varchar(255) DEFAULT '' NOT NULL, `encrypted_password` varchar(255) DEFAULT '' NOT NULL, `reset_password_token` varchar(255), `reset_password_sent_at` datetime, `remember_created_at` datetime, `sign_in_count` int(11) DEFAULT 0 NOT NULL, `current_sign_in_at` datetime, `last_sign_in_at` datetime, `current_sign_in_ip` varchar(255), `last_sign_in_ip` varchar(255), `created_at` datetime NOT NULL, `updated_at` datetime NOT NULL) ENGINE=InnoDB
  [1m[36m (82.3ms)[0m  [1mCREATE UNIQUE INDEX `index_users_on_email`  ON `users` (`email`) [0m
  [1m[35m (48.4ms)[0m  CREATE UNIQUE INDEX `index_users_on_reset_password_token`  ON `users` (`reset_password_token`) 
  [1m[36m (5.0ms)[0m  [1mBEGIN[0m
  [1m[35mSQL (32.2ms)[0m  INSERT INTO `schema_migrations` (`version`) VALUES ('20151021074811')
  [1m[36m (2.3ms)[0m  [1mCOMMIT[0m
Migrating to CreateMovies (20151022095234)
  [1m[35m (79.6ms)[0m  CREATE TABLE `movies` (`id` int(11) auto_increment PRIMARY KEY, `title` varchar(255), `poster_url` varchar(255), `genres` varchar(255), `year` decimal, `imdb_rating` decimal, `length` decimal, `studio` varchar(255), `price` decimal, `created_at` datetime NOT NULL, `updated_at` datetime NOT NULL) ENGINE=InnoDB
  [1m[36m (0.3ms)[0m  [1mBEGIN[0m
  [1m[35mSQL (0.7ms)[0m  INSERT INTO `schema_migrations` (`version`) VALUES ('20151022095234')
  [1m[36m (2.5ms)[0m  [1mCOMMIT[0m
Migrating to CreateReviews (20151023235754)
  [1m[35m (45.8ms)[0m  CREATE TABLE `reviews` (`id` int(11) auto_increment PRIMARY KEY, `rating` int(11), `comment` text, `created_at` datetime NOT NULL, `updated_at` datetime NOT NULL) ENGINE=InnoDB
  [1m[36m (1.4ms)[0m  [1mBEGIN[0m
  [1m[35mSQL (16.8ms)[0m  INSERT INTO `schema_migrations` (`version`) VALUES ('20151023235754')
  [1m[36m (2.0ms)[0m  [1mCOMMIT[0m
Migrating to AddUserIdToReviews (20151024000449)
  [1m[35m (130.3ms)[0m  ALTER TABLE `reviews` ADD `user_id` int(11)
  [1m[36m (0.6ms)[0m  [1mBEGIN[0m
  [1m[35mSQL (5.2ms)[0m  INSERT INTO `schema_migrations` (`version`) VALUES ('20151024000449')
  [1m[36m (8.3ms)[0m  [1mCOMMIT[0m
Migrating to AddMovieIdToReviews (20151024002238)
  [1m[35m (111.5ms)[0m  ALTER TABLE `reviews` ADD `movie_id` int(11)
  [1m[36m (0.6ms)[0m  [1mBEGIN[0m
  [1m[35mSQL (0.6ms)[0m  INSERT INTO `schema_migrations` (`version`) VALUES ('20151024002238')
  [1m[36m (3.7ms)[0m  [1mCOMMIT[0m
Migrating to CreateSearches (20151107195840)
  [1m[35m (67.4ms)[0m  CREATE TABLE `searches` (`id` int(11) auto_increment PRIMARY KEY, `keywords` varchar(255), `genres` varchar(255), `min_price` decimal, `max_price` decimal, `imdb_above` decimal, `created_at` datetime NOT NULL, `updated_at` datetime NOT NULL) ENGINE=InnoDB
  [1m[36m (2.1ms)[0m  [1mBEGIN[0m
  [1m[35mSQL (13.6ms)[0m  INSERT INTO `schema_migrations` (`version`) VALUES ('20151107195840')
  [1m[36m (6.9ms)[0m  [1mCOMMIT[0m
Migrating to CreatePosts (20151124031608)
  [1m[35m (65.4ms)[0m  CREATE TABLE `posts` (`id` int(11) auto_increment PRIMARY KEY, `title` varchar(255), `content` text, `genres` varchar(255), `created_at` datetime NOT NULL, `updated_at` datetime NOT NULL) ENGINE=InnoDB
  [1m[36m (0.3ms)[0m  [1mBEGIN[0m
  [1m[35mSQL (0.7ms)[0m  INSERT INTO `schema_migrations` (`version`) VALUES ('20151124031608')
  [1m[36m (13.4ms)[0m  [1mCOMMIT[0m
Migrating to AddUserIdToPosts (20151124043709)
  [1m[35m (137.1ms)[0m  ALTER TABLE `posts` ADD `user_id` int(11)
  [1m[36m (0.3ms)[0m  [1mBEGIN[0m
  [1m[35mSQL (4.5ms)[0m  INSERT INTO `schema_migrations` (`version`) VALUES ('20151124043709')
  [1m[36m (2.6ms)[0m  [1mCOMMIT[0m
Migrating to CreateComments (20151124055730)
  [1m[35m (62.0ms)[0m  CREATE TABLE `comments` (`id` int(11) auto_increment PRIMARY KEY, `comment` text, `post_id` int(11), `user_id` int(11), `created_at` datetime NOT NULL, `updated_at` datetime NOT NULL,  INDEX `index_comments_on_post_id`  (`post_id`) ,  INDEX `index_comments_on_user_id`  (`user_id`) ) ENGINE=InnoDB
  [1m[36m (124.3ms)[0m  [1mALTER TABLE `comments` ADD CONSTRAINT `fk_rails_2fd19c0db7`
FOREIGN KEY (`post_id`)
  REFERENCES `posts` (`id`)
[0m
  [1m[35m (121.2ms)[0m  ALTER TABLE `comments` ADD CONSTRAINT `fk_rails_03de2dc08c`
FOREIGN KEY (`user_id`)
  REFERENCES `users` (`id`)

  [1m[36m (0.4ms)[0m  [1mBEGIN[0m
  [1m[35mSQL (1.9ms)[0m  INSERT INTO `schema_migrations` (`version`) VALUES ('20151124055730')
  [1m[36m (4.0ms)[0m  [1mCOMMIT[0m
  [1m[35mActiveRecord::SchemaMigration Load (1.6ms)[0m  SELECT `schema_migrations`.* FROM `schema_migrations`
  [1m[36m (46.4ms)[0m  [1mSELECT fk.referenced_table_name as 'to_table'
      ,fk.referenced_column_name as 'primary_key'
      ,fk.column_name as 'column'
      ,fk.constraint_name as 'name'
FROM information_schema.key_column_usage fk
WHERE fk.referenced_column_name is not null
  AND fk.table_schema = 'filmo_development'
  AND fk.table_name = 'comments'
[0m
  [1m[35m (1.1ms)[0m  SHOW CREATE TABLE `comments`
  [1m[36m (1.3ms)[0m  [1mSELECT fk.referenced_table_name as 'to_table'
      ,fk.referenced_column_name as 'primary_key'
      ,fk.column_name as 'column'
      ,fk.constraint_name as 'name'
FROM information_schema.key_column_usage fk
WHERE fk.referenced_column_name is not null
  AND fk.table_schema = 'filmo_development'
  AND fk.table_name = 'movies'
[0m
  [1m[35m (0.5ms)[0m  SHOW CREATE TABLE `movies`
  [1m[36m (0.6ms)[0m  [1mSELECT fk.referenced_table_name as 'to_table'
      ,fk.referenced_column_name as 'primary_key'
      ,fk.column_name as 'column'
      ,fk.constraint_name as 'name'
FROM information_schema.key_column_usage fk
WHERE fk.referenced_column_name is not null
  AND fk.table_schema = 'filmo_development'
  AND fk.table_name = 'posts'
[0m
  [1m[35m (0.5ms)[0m  SHOW CREATE TABLE `posts`
  [1m[36m (0.6ms)[0m  [1mSELECT fk.referenced_table_name as 'to_table'
      ,fk.referenced_column_name as 'primary_key'
      ,fk.column_name as 'column'
      ,fk.constraint_name as 'name'
FROM information_schema.key_column_usage fk
WHERE fk.referenced_column_name is not null
  AND fk.table_schema = 'filmo_development'
  AND fk.table_name = 'reviews'
[0m
  [1m[35m (0.4ms)[0m  SHOW CREATE TABLE `reviews`
  [1m[36m (1.5ms)[0m  [1mSELECT fk.referenced_table_name as 'to_table'
      ,fk.referenced_column_name as 'primary_key'
      ,fk.column_name as 'column'
      ,fk.constraint_name as 'name'
FROM information_schema.key_column_usage fk
WHERE fk.referenced_column_name is not null
  AND fk.table_schema = 'filmo_development'
  AND fk.table_name = 'searches'
[0m
  [1m[35m (0.5ms)[0m  SHOW CREATE TABLE `searches`
  [1m[36m (0.9ms)[0m  [1mSELECT fk.referenced_table_name as 'to_table'
      ,fk.referenced_column_name as 'primary_key'
      ,fk.column_name as 'column'
      ,fk.constraint_name as 'name'
FROM information_schema.key_column_usage fk
WHERE fk.referenced_column_name is not null
  AND fk.table_schema = 'filmo_development'
  AND fk.table_name = 'users'
[0m
  [1m[35m (0.5ms)[0m  SHOW CREATE TABLE `users`
